<?xml version="1.0" encoding="UTF-8"?>
<coverage generated="1660329431660" clover="3.2.0">
  <project timestamp="1660329431660" name="All files">
    <metrics statements="7" coveredstatements="7" conditionals="0" coveredconditionals="0" methods="2" coveredmethods="2" elements="9" coveredelements="9" complexity="0" loc="7" ncloc="7" packages="1" files="1" classes="1"/>
    <file name="apiServices.js" path="/Users/raymondcato/Library/Mobile Documents/com~apple~CloudDocs/Server-Side Languages/2.4 API Assignment/services/apiServices.js">
      <metrics statements="7" coveredstatements="7" conditionals="0" coveredconditionals="0" methods="2" coveredmethods="2"/>
      <line num="2" count="1" type="stmt"/>
      <line num="3" count="1" type="stmt"/>
      <line num="6" count="1" type="stmt"/>
      <line num="7" count="1" type="stmt"/>
      <line num="11" count="1" type="stmt"/>
      <line num="12" count="1" type="stmt"/>
      <line num="16" count="1" type="stmt"/>
    </file>
  </project>
</coverage>
